<?xml version="1.0" encoding="UTF-8"?>
<coverage generated="1556048672074" clover="3.2.0">
  <project timestamp="1556048672075" name="All files">
    <metrics statements="22" coveredstatements="20" conditionals="7" coveredconditionals="5" methods="6" coveredmethods="6" elements="35" coveredelements="31" complexity="0" loc="22" ncloc="22" packages="1" files="1" classes="1"/>
    <file name="map.js" path="/Users/ian/Projects/pirate-guiame/src/js/map.js">
      <metrics statements="22" coveredstatements="20" conditionals="7" coveredconditionals="5" methods="6" coveredmethods="6"/>
      <line num="1" count="1" type="stmt"/>
      <line num="2" count="1" type="stmt"/>
      <line num="3" count="1" type="stmt"/>
      <line num="6" count="10" type="stmt"/>
      <line num="7" count="10" type="stmt"/>
      <line num="8" count="10" type="stmt"/>
      <line num="12" count="187" type="stmt"/>
      <line num="16" count="134" type="stmt"/>
      <line num="17" count="134" type="stmt"/>
      <line num="18" count="134" type="stmt"/>
      <line num="19" count="134" type="stmt"/>
      <line num="24" count="50" type="stmt"/>
      <line num="25" count="50" type="stmt"/>
      <line num="26" count="134" type="stmt"/>
      <line num="27" count="134" type="stmt"/>
      <line num="29" count="50" type="stmt"/>
      <line num="33" count="51" type="cond" truecount="1" falsecount="1"/>
      <line num="34" count="0" type="stmt"/>
      <line num="36" count="51" type="stmt"/>
      <line num="40" count="1" type="cond" truecount="3" falsecount="1"/>
      <line num="41" count="1" type="stmt"/>
      <line num="43" count="0" type="stmt"/>
    </file>
  </project>
</coverage>
