{"/Users/ian/Projects/pirate-guiame/src/js/map.js": {"path":"/Users/ian/Projects/pirate-guiame/src/js/map.js","statementMap":{"0":{"start":{"line":1,"column":0},"end":{"line":45,"column":5}},"1":{"start":{"line":2,"column":18},"end":{"line":2,"column":53}},"2":{"start":{"line":3,"column":19},"end":{"line":3,"column":20}},"3":{"start":{"line":6,"column":6},"end":{"line":6,"column":27}},"4":{"start":{"line":7,"column":6},"end":{"line":7,"column":28}},"5":{"start":{"line":8,"column":6},"end":{"line":8,"column":25}},"6":{"start":{"line":12,"column":6},"end":{"line":12,"column":48}},"7":{"start":{"line":16,"column":21},"end":{"line":16,"column":78}},"8":{"start":{"line":17,"column":21},"end":{"line":17,"column":59}},"9":{"start":{"line":18,"column":25},"end":{"line":18,"column":45}},"10":{"start":{"line":19,"column":6},"end":{"line":19,"column":24}},"11":{"start":{"line":24,"column":22},"end":{"line":24,"column":26}},"12":{"start":{"line":25,"column":6},"end":{"line":28,"column":7}},"13":{"start":{"line":26,"column":8},"end":{"line":26,"column":41}},"14":{"start":{"line":27,"column":8},"end":{"line":27,"column":54}},"15":{"start":{"line":29,"column":6},"end":{"line":29,"column":24}},"16":{"start":{"line":33,"column":6},"end":{"line":37,"column":7}},"17":{"start":{"line":34,"column":8},"end":{"line":34,"column":67}},"18":{"start":{"line":36,"column":8},"end":{"line":36,"column":53}},"19":{"start":{"line":40,"column":2},"end":{"line":44,"column":3}},"20":{"start":{"line":41,"column":4},"end":{"line":41,"column":25}},"21":{"start":{"line":43,"column":4},"end":{"line":43,"column":21}}},"fnMap":{"0":{"name":"exportMap","decl":{"start":{"line":1,"column":10},"end":{"line":1,"column":19}},"loc":{"start":{"line":1,"column":22},"end":{"line":45,"column":1}},"line":1},"1":{"name":"(anonymous_1)","decl":{"start":{"line":5,"column":4},"end":{"line":5,"column":5}},"loc":{"start":{"line":5,"column":18},"end":{"line":9,"column":5}},"line":5},"2":{"name":"(anonymous_2)","decl":{"start":{"line":11,"column":4},"end":{"line":11,"column":5}},"loc":{"start":{"line":11,"column":33},"end":{"line":13,"column":5}},"line":11},"3":{"name":"(anonymous_3)","decl":{"start":{"line":15,"column":4},"end":{"line":15,"column":5}},"loc":{"start":{"line":15,"column":19},"end":{"line":20,"column":5}},"line":15},"4":{"name":"(anonymous_4)","decl":{"start":{"line":22,"column":4},"end":{"line":22,"column":5}},"loc":{"start":{"line":22,"column":26},"end":{"line":30,"column":5}},"line":22},"5":{"name":"(anonymous_5)","decl":{"start":{"line":32,"column":4},"end":{"line":32,"column":5}},"loc":{"start":{"line":32,"column":53},"end":{"line":38,"column":5}},"line":32}},"branchMap":{"0":{"loc":{"start":{"line":32,"column":12},"end":{"line":32,"column":51}},"type":"default-arg","locations":[{"start":{"line":32,"column":25},"end":{"line":32,"column":51}}],"line":32},"1":{"loc":{"start":{"line":33,"column":6},"end":{"line":37,"column":7}},"type":"if","locations":[{"start":{"line":33,"column":6},"end":{"line":37,"column":7}},{"start":{"line":33,"column":6},"end":{"line":37,"column":7}}],"line":33},"2":{"loc":{"start":{"line":40,"column":2},"end":{"line":44,"column":3}},"type":"if","locations":[{"start":{"line":40,"column":2},"end":{"line":44,"column":3}},{"start":{"line":40,"column":2},"end":{"line":44,"column":3}}],"line":40},"3":{"loc":{"start":{"line":40,"column":6},"end":{"line":40,"column":53}},"type":"binary-expr","locations":[{"start":{"line":40,"column":6},"end":{"line":40,"column":35}},{"start":{"line":40,"column":39},"end":{"line":40,"column":53}}],"line":40}},"s":{"0":1,"1":1,"2":1,"3":10,"4":10,"5":10,"6":187,"7":134,"8":134,"9":134,"10":134,"11":50,"12":50,"13":134,"14":134,"15":50,"16":51,"17":0,"18":51,"19":1,"20":1,"21":0},"f":{"0":1,"1":10,"2":187,"3":134,"4":50,"5":51},"b":{"0":[49],"1":[0,51],"2":[1,0],"3":[1,1]},"_coverageSchema":"43e27e138ebf9cfc5966b082cf9a028302ed4184","hash":"9499b3a585d10beac22eeed177771ca86e186e70"}
}
