TN:
SF:/Users/ian/Projects/pirate-guiame/src/js/map.js
FN:1,exportMap
FN:5,(anonymous_1)
FN:11,(anonymous_2)
FN:15,(anonymous_3)
FN:22,(anonymous_4)
FN:32,(anonymous_5)
FNF:6
FNH:6
FNDA:1,exportMap
FNDA:11,(anonymous_1)
FNDA:222,(anonymous_2)
FNDA:169,(anonymous_3)
FNDA:51,(anonymous_4)
FNDA:52,(anonymous_5)
DA:1,1
DA:2,1
DA:3,1
DA:6,11
DA:7,11
DA:8,11
DA:12,222
DA:16,169
DA:17,169
DA:18,169
DA:19,169
DA:24,51
DA:25,51
DA:26,169
DA:27,169
DA:29,51
DA:33,52
DA:34,1
DA:36,51
DA:37,0
DA:39,51
DA:41,51
DA:44,1
DA:45,1
DA:47,0
LF:25
LH:23
BRDA:32,0,0,50
BRDA:33,1,0,1
BRDA:33,1,1,51
BRDA:36,2,0,0
BRDA:36,2,1,51
BRDA:44,3,0,1
BRDA:44,3,1,0
BRDA:44,4,0,1
BRDA:44,4,1,1
BRF:9
BRH:7
end_of_record
