TN:
SF:/Users/ian/Projects/pirate-guiame/src/js/map.js
FN:1,exportMap
FN:5,(anonymous_1)
FN:11,(anonymous_2)
FN:15,(anonymous_3)
FN:22,(anonymous_4)
FN:32,(anonymous_5)
FNF:6
FNH:6
FNDA:1,exportMap
FNDA:10,(anonymous_1)
FNDA:187,(anonymous_2)
FNDA:134,(anonymous_3)
FNDA:50,(anonymous_4)
FNDA:51,(anonymous_5)
DA:1,1
DA:2,1
DA:3,1
DA:6,10
DA:7,10
DA:8,10
DA:12,187
DA:16,134
DA:17,134
DA:18,134
DA:19,134
DA:24,50
DA:25,50
DA:26,134
DA:27,134
DA:29,50
DA:33,51
DA:34,0
DA:36,51
DA:40,1
DA:41,1
DA:43,0
LF:22
LH:20
BRDA:32,0,0,49
BRDA:33,1,0,0
BRDA:33,1,1,51
BRDA:40,2,0,1
BRDA:40,2,1,0
BRDA:40,3,0,1
BRDA:40,3,1,1
BRF:7
BRH:5
end_of_record
